Determining if the pthread_create exist failed with the following output:
Change Dir: /home/kisron/catkin_workspace/build/CMakeFiles/CMakeTmp

<<<<<<< HEAD
Run Build Command:"/usr/bin/make" "cmTC_74e72/fast"
/usr/bin/make -f CMakeFiles/cmTC_74e72.dir/build.make CMakeFiles/cmTC_74e72.dir/build
make[1]: Entering directory '/home/kisron/catkin_workspace/build/CMakeFiles/CMakeTmp'
Building C object CMakeFiles/cmTC_74e72.dir/CheckSymbolExists.c.o
/usr/bin/cc    -o CMakeFiles/cmTC_74e72.dir/CheckSymbolExists.c.o   -c /home/kisron/catkin_workspace/build/CMakeFiles/CMakeTmp/CheckSymbolExists.c
Linking C executable cmTC_74e72
/usr/bin/cmake -E cmake_link_script CMakeFiles/cmTC_74e72.dir/link.txt --verbose=1
/usr/bin/cc      -rdynamic CMakeFiles/cmTC_74e72.dir/CheckSymbolExists.c.o  -o cmTC_74e72 
CMakeFiles/cmTC_74e72.dir/CheckSymbolExists.c.o: In function `main':
CheckSymbolExists.c:(.text+0x1b): undefined reference to `pthread_create'
collect2: error: ld returned 1 exit status
CMakeFiles/cmTC_74e72.dir/build.make:97: recipe for target 'cmTC_74e72' failed
make[1]: *** [cmTC_74e72] Error 1
make[1]: Leaving directory '/home/kisron/catkin_workspace/build/CMakeFiles/CMakeTmp'
Makefile:126: recipe for target 'cmTC_74e72/fast' failed
make: *** [cmTC_74e72/fast] Error 2
=======
Run Build Command:"/usr/bin/make" "cmTC_f43d1/fast"
/usr/bin/make -f CMakeFiles/cmTC_f43d1.dir/build.make CMakeFiles/cmTC_f43d1.dir/build
make[1]: Entering directory '/home/kisron/catkin_workspace/build/CMakeFiles/CMakeTmp'
Building C object CMakeFiles/cmTC_f43d1.dir/CheckSymbolExists.c.o
/usr/bin/cc    -o CMakeFiles/cmTC_f43d1.dir/CheckSymbolExists.c.o   -c /home/kisron/catkin_workspace/build/CMakeFiles/CMakeTmp/CheckSymbolExists.c
Linking C executable cmTC_f43d1
/usr/bin/cmake -E cmake_link_script CMakeFiles/cmTC_f43d1.dir/link.txt --verbose=1
/usr/bin/cc      -rdynamic CMakeFiles/cmTC_f43d1.dir/CheckSymbolExists.c.o  -o cmTC_f43d1 
CMakeFiles/cmTC_f43d1.dir/CheckSymbolExists.c.o: In function `main':
CheckSymbolExists.c:(.text+0x1b): undefined reference to `pthread_create'
collect2: error: ld returned 1 exit status
CMakeFiles/cmTC_f43d1.dir/build.make:97: recipe for target 'cmTC_f43d1' failed
make[1]: *** [cmTC_f43d1] Error 1
make[1]: Leaving directory '/home/kisron/catkin_workspace/build/CMakeFiles/CMakeTmp'
Makefile:126: recipe for target 'cmTC_f43d1/fast' failed
make: *** [cmTC_f43d1/fast] Error 2
>>>>>>> 72077c9f7d00d6e37eb9a5a71bb05beba084b2ce

File /home/kisron/catkin_workspace/build/CMakeFiles/CMakeTmp/CheckSymbolExists.c:
/* */
#include <pthread.h>

int main(int argc, char** argv)
{
  (void)argv;
#ifndef pthread_create
  return ((int*)(&pthread_create))[argc];
#else
  (void)argc;
  return 0;
#endif
}

Determining if the function pthread_create exists in the pthreads failed with the following output:
Change Dir: /home/kisron/catkin_workspace/build/CMakeFiles/CMakeTmp

<<<<<<< HEAD
Run Build Command:"/usr/bin/make" "cmTC_b52d5/fast"
/usr/bin/make -f CMakeFiles/cmTC_b52d5.dir/build.make CMakeFiles/cmTC_b52d5.dir/build
make[1]: Entering directory '/home/kisron/catkin_workspace/build/CMakeFiles/CMakeTmp'
Building C object CMakeFiles/cmTC_b52d5.dir/CheckFunctionExists.c.o
/usr/bin/cc   -DCHECK_FUNCTION_EXISTS=pthread_create   -o CMakeFiles/cmTC_b52d5.dir/CheckFunctionExists.c.o   -c /usr/share/cmake-3.10/Modules/CheckFunctionExists.c
Linking C executable cmTC_b52d5
/usr/bin/cmake -E cmake_link_script CMakeFiles/cmTC_b52d5.dir/link.txt --verbose=1
/usr/bin/cc  -DCHECK_FUNCTION_EXISTS=pthread_create    -rdynamic CMakeFiles/cmTC_b52d5.dir/CheckFunctionExists.c.o  -o cmTC_b52d5 -lpthreads 
/usr/bin/ld: cannot find -lpthreads
collect2: error: ld returned 1 exit status
CMakeFiles/cmTC_b52d5.dir/build.make:97: recipe for target 'cmTC_b52d5' failed
make[1]: *** [cmTC_b52d5] Error 1
make[1]: Leaving directory '/home/kisron/catkin_workspace/build/CMakeFiles/CMakeTmp'
Makefile:126: recipe for target 'cmTC_b52d5/fast' failed
make: *** [cmTC_b52d5/fast] Error 2
=======
Run Build Command:"/usr/bin/make" "cmTC_f7286/fast"
/usr/bin/make -f CMakeFiles/cmTC_f7286.dir/build.make CMakeFiles/cmTC_f7286.dir/build
make[1]: Entering directory '/home/kisron/catkin_workspace/build/CMakeFiles/CMakeTmp'
Building C object CMakeFiles/cmTC_f7286.dir/CheckFunctionExists.c.o
/usr/bin/cc   -DCHECK_FUNCTION_EXISTS=pthread_create   -o CMakeFiles/cmTC_f7286.dir/CheckFunctionExists.c.o   -c /usr/share/cmake-3.10/Modules/CheckFunctionExists.c
Linking C executable cmTC_f7286
/usr/bin/cmake -E cmake_link_script CMakeFiles/cmTC_f7286.dir/link.txt --verbose=1
/usr/bin/cc  -DCHECK_FUNCTION_EXISTS=pthread_create    -rdynamic CMakeFiles/cmTC_f7286.dir/CheckFunctionExists.c.o  -o cmTC_f7286 -lpthreads 
/usr/bin/ld: cannot find -lpthreads
collect2: error: ld returned 1 exit status
CMakeFiles/cmTC_f7286.dir/build.make:97: recipe for target 'cmTC_f7286' failed
make[1]: *** [cmTC_f7286] Error 1
make[1]: Leaving directory '/home/kisron/catkin_workspace/build/CMakeFiles/CMakeTmp'
Makefile:126: recipe for target 'cmTC_f7286/fast' failed
make: *** [cmTC_f7286/fast] Error 2
>>>>>>> 72077c9f7d00d6e37eb9a5a71bb05beba084b2ce


